[2019-06-04 13:45:49.390] [exthost] [info] extension host started
[2019-06-04 13:45:49.406] [exthost] [info] ExtensionService#_doActivateExtension vscode.debug-auto-launch {"startup":true,"activationEvent":"*"}
[2019-06-04 13:45:49.406] [exthost] [info] ExtensionService#loadCommonJSModule /opt/visual-studio-code/resources/app/extensions/debug-auto-launch/dist/extension
[2019-06-04 13:45:49.408] [exthost] [info] ExtensionService#_doActivateExtension vscode.emmet {"startup":true,"activationEvent":"*"}
[2019-06-04 13:45:49.408] [exthost] [info] ExtensionService#loadCommonJSModule /opt/visual-studio-code/resources/app/extensions/emmet/dist/extension
[2019-06-04 13:45:49.419] [exthost] [info] ExtensionService#_doActivateExtension vscode.git {"startup":true,"activationEvent":"*"}
[2019-06-04 13:45:49.419] [exthost] [info] ExtensionService#loadCommonJSModule /opt/visual-studio-code/resources/app/extensions/git/dist/main
[2019-06-04 13:45:49.483] [exthost] [info] ExtensionService#_doActivateExtension vscode.merge-conflict {"startup":true,"activationEvent":"*"}
[2019-06-04 13:45:49.483] [exthost] [info] ExtensionService#loadCommonJSModule /opt/visual-studio-code/resources/app/extensions/merge-conflict/dist/extension
[2019-06-04 13:45:49.486] [exthost] [info] eager extensions activated
[2019-06-04 13:46:28.010] [exthost] [info] extension host started
[2019-06-04 13:46:28.023] [exthost] [info] ExtensionService#_doActivateExtension vscode.debug-auto-launch {"startup":true,"activationEvent":"*"}
[2019-06-04 13:46:28.023] [exthost] [info] ExtensionService#loadCommonJSModule /opt/visual-studio-code/resources/app/extensions/debug-auto-launch/dist/extension
[2019-06-04 13:46:28.025] [exthost] [info] ExtensionService#_doActivateExtension vscode.emmet {"startup":true,"activationEvent":"*"}
[2019-06-04 13:46:28.025] [exthost] [info] ExtensionService#loadCommonJSModule /opt/visual-studio-code/resources/app/extensions/emmet/dist/extension
[2019-06-04 13:46:28.037] [exthost] [info] ExtensionService#_doActivateExtension vscode.git {"startup":true,"activationEvent":"*"}
[2019-06-04 13:46:28.037] [exthost] [info] ExtensionService#loadCommonJSModule /opt/visual-studio-code/resources/app/extensions/git/dist/main
[2019-06-04 13:46:28.109] [exthost] [info] ExtensionService#_doActivateExtension vscode.merge-conflict {"startup":true,"activationEvent":"*"}
[2019-06-04 13:46:28.109] [exthost] [info] ExtensionService#loadCommonJSModule /opt/visual-studio-code/resources/app/extensions/merge-conflict/dist/extension
[2019-06-04 13:46:28.113] [exthost] [info] eager extensions activated
[2019-06-04 13:46:32.558] [exthost] [info] ExtensionService#_doActivateExtension vscode.php-language-features {"startup":false,"activationEvent":"onLanguage:php"}
[2019-06-04 13:46:32.558] [exthost] [info] ExtensionService#loadCommonJSModule /opt/visual-studio-code/resources/app/extensions/php-language-features/dist/phpMain
[2019-06-04 13:58:10.876] [exthost] [info] ExtensionService#_doActivateExtension vscode.html-language-features {"startup":false,"activationEvent":"onLanguage:html"}
[2019-06-04 13:58:10.876] [exthost] [info] ExtensionService#loadCommonJSModule /opt/visual-studio-code/resources/app/extensions/html-language-features/client/dist/htmlMain
[2019-06-04 14:24:38.376] [exthost] [info] ExtensionService#_doActivateExtension felixfbecker.php-intellisense {"startup":false,"activationEvent":"onLanguage:php"}
[2019-06-04 14:24:38.377] [exthost] [info] ExtensionService#loadCommonJSModule /root/.vscode/extensions/felixfbecker.php-intellisense-2.3.10/out/extension
[2019-06-04 14:24:46.882] [exthost] [info] ExtensionService#_doActivateExtension rifi2k.format-html-in-php {"startup":false,"activationEvent":"onLanguage:php"}
[2019-06-04 14:24:46.882] [exthost] [info] ExtensionService#loadCommonJSModule /root/.vscode/extensions/rifi2k.format-html-in-php-1.5.3/out/extension
[2019-06-04 14:26:24.169] [exthost] [error] onWillSaveTextDocument-listener from extension 'rifi2k.format-html-in-php' threw ERROR
[2019-06-04 14:26:24.171] [exthost] [error] TypeError: Cannot read property 'document' of undefined
	at constructor.subscriptions.push.vscode.workspace.onWillSaveTextDocument.event (/root/.vscode/extensions/rifi2k.format-html-in-php-1.5.3/out/extension.js:21:24)
	at c._deliverEventAsync (/opt/visual-studio-code/resources/app/out/vs/workbench/services/extensions/node/extensionHostProcess.js:446:848)
	at c._deliverEventAsyncAndBlameBadListeners (/opt/visual-studio-code/resources/app/out/vs/workbench/services/extensions/node/extensionHostProcess.js:446:79)
	at Array.define.$participateInSave.i.sequence.o.map.e (/opt/visual-studio-code/resources/app/out/vs/workbench/services/extensions/node/extensionHostProcess.js:445:749)
	at t (/opt/visual-studio-code/resources/app/out/vs/workbench/services/extensions/node/extensionHostProcess.js:52:950)
[2019-06-04 14:26:24.171] [exthost] [error] onWillSaveTextDocument-listener from extension 'rifi2k.format-html-in-php' threw ERROR
[2019-06-04 14:26:24.171] [exthost] [error] TypeError: Cannot read property 'document' of undefined
	at constructor.subscriptions.push.vscode.workspace.onWillSaveTextDocument.event (/root/.vscode/extensions/rifi2k.format-html-in-php-1.5.3/out/extension.js:21:24)
	at c._deliverEventAsync (/opt/visual-studio-code/resources/app/out/vs/workbench/services/extensions/node/extensionHostProcess.js:446:848)
	at c._deliverEventAsyncAndBlameBadListeners (/opt/visual-studio-code/resources/app/out/vs/workbench/services/extensions/node/extensionHostProcess.js:446:79)
	at Array.define.$participateInSave.i.sequence.o.map.e (/opt/visual-studio-code/resources/app/out/vs/workbench/services/extensions/node/extensionHostProcess.js:445:749)
	at t (/opt/visual-studio-code/resources/app/out/vs/workbench/services/extensions/node/extensionHostProcess.js:52:950)
[2019-06-04 14:26:24.269] [exthost] [info] ExtensionService#_doActivateExtension ms-vscode.node-debug2 {"startup":false,"activationEvent":"onDebugInitialConfigurations"}
[2019-06-04 14:26:24.269] [exthost] [info] ExtensionService#loadCommonJSModule /opt/visual-studio-code/resources/app/extensions/ms-vscode.node-debug2/out/src/extension
[2019-06-04 14:26:24.293] [exthost] [info] ExtensionService#_doActivateExtension ms-vscode.node-debug {"startup":false,"activationEvent":"onDebugInitialConfigurations"}
[2019-06-04 14:26:24.293] [exthost] [info] ExtensionService#loadCommonJSModule /opt/visual-studio-code/resources/app/extensions/ms-vscode.node-debug/dist/extension.js
[2019-06-04 14:26:26.658] [exthost] [info] ExtensionService#_doActivateExtension vscode.debug-server-ready {"startup":false,"activationEvent":"onDebugResolve"}
[2019-06-04 14:26:26.658] [exthost] [info] ExtensionService#loadCommonJSModule /opt/visual-studio-code/resources/app/extensions/debug-server-ready/dist/extension
[2019-06-04 14:26:51.065] [exthost] [info] ExtensionService#_doActivateExtension vscode.configuration-editing {"startup":false,"activationEvent":"onLanguage:jsonc"}
[2019-06-04 14:26:51.065] [exthost] [info] ExtensionService#loadCommonJSModule /opt/visual-studio-code/resources/app/extensions/configuration-editing/dist/extension
[2019-06-04 14:26:51.075] [exthost] [info] ExtensionService#_doActivateExtension vscode.json-language-features {"startup":false,"activationEvent":"onLanguage:jsonc"}
[2019-06-04 14:26:51.075] [exthost] [info] ExtensionService#loadCommonJSModule /opt/visual-studio-code/resources/app/extensions/json-language-features/client/dist/jsonMain
[2019-06-04 14:26:51.162] [exthost] [info] ExtensionService#_doActivateExtension vscode.typescript-language-features {"startup":false,"activationEvent":"onLanguage:jsonc"}
[2019-06-04 14:26:51.162] [exthost] [info] ExtensionService#loadCommonJSModule /opt/visual-studio-code/resources/app/extensions/typescript-language-features/dist/extension
[2019-06-04 14:40:23.386] [exthost] [info] ExtensionService#_doActivateExtension ms-mssql.mssql {"startup":false,"activationEvent":"onLanguage:sql"}
[2019-06-04 14:40:23.386] [exthost] [info] ExtensionService#loadCommonJSModule /root/.vscode/extensions/ms-mssql.mssql-1.6.0/out/src/extension
