PHP Warning:  PHP Startup: Unable to load dynamic library 'gd' (tried: /usr/lib/php/modules/gd (/usr/lib/php/modules/gd: cannot open shared object file: No such file or directory), /usr/lib/php/modules/gd.so (/usr/lib/php/modules/gd.so: cannot open shared object file: No such file or directory)) in Unknown on line 0

DEBUG     Checking PHPLS_ALLOW_XDEBUG
DEBUG     The xdebug extension is not loaded

[Info  - 10:55:55 AM] 246 files total
[Info  - 10:55:55 AM] Indexing project for definitions and static references
Parsing file:///srv/http/ServiceDesk-FGJE/conexion.php
Parsing file:///srv/http/ServiceDesk-FGJE/cambiarPrivilegios.php
Parsing file:///srv/http/ServiceDesk-FGJE/index.php
Parsing file:///srv/http/ServiceDesk-FGJE/asignarTecnico.php
Parsing file:///srv/http/ServiceDesk-FGJE/divRegistrosAdmin.php
Parsing file:///srv/http/ServiceDesk-FGJE/Classes/PHPExcel/DocumentSecurity.php
Parsing file:///srv/http/ServiceDesk-FGJE/Classes/PHPExcel/Comment.php
Parsing file:///srv/http/ServiceDesk-FGJE/Classes/PHPExcel/Chart.php
Parsing file:///srv/http/ServiceDesk-FGJE/Classes/PHPExcel/Exception.php
Parsing file:///srv/http/ServiceDesk-FGJE/Classes/PHPExcel/WorksheetIterator.php
Parsing file:///srv/http/ServiceDesk-FGJE/Classes/PHPExcel/CachedObjectStorage/MemorySerialized.php
Parsing file:///srv/http/ServiceDesk-FGJE/Classes/PHPExcel/CachedObjectStorage/SQLite3.php
Parsing file:///srv/http/ServiceDesk-FGJE/Classes/PHPExcel/CachedObjectStorage/SQLite.php
Parsing file:///srv/http/ServiceDesk-FGJE/Classes/PHPExcel/CachedObjectStorage/Igbinary.php
Parsing file:///srv/http/ServiceDesk-FGJE/Classes/PHPExcel/CachedObjectStorage/CacheBase.php
Parsing file:///srv/http/ServiceDesk-FGJE/Classes/PHPExcel/CachedObjectStorage/PHPTemp.php
Parsing file:///srv/http/ServiceDesk-FGJE/Classes/PHPExcel/CachedObjectStorage/Wincache.php
Parsing file:///srv/http/ServiceDesk-FGJE/Classes/PHPExcel/CachedObjectStorage/Memcache.php
Parsing file:///srv/http/ServiceDesk-FGJE/Classes/PHPExcel/CachedObjectStorage/DiscISAM.php
Parsing file:///srv/http/ServiceDesk-FGJE/Classes/PHPExcel/CachedObjectStorage/APC.php
Parsing file:///srv/http/ServiceDesk-FGJE/Classes/PHPExcel/CachedObjectStorage/ICache.php
Parsing file:///srv/http/ServiceDesk-FGJE/Classes/PHPExcel/CachedObjectStorage/MemoryGZip.php
Parsing file:///srv/http/ServiceDesk-FGJE/Classes/PHPExcel/CachedObjectStorage/Memory.php
Parsing file:///srv/http/ServiceDesk-FGJE/Classes/PHPExcel/Reader/HTML.php
Parsing file:///srv/http/ServiceDesk-FGJE/Classes/PHPExcel/Reader/OOCalc.php
Parsing file:///srv/http/ServiceDesk-FGJE/Classes/PHPExcel/Reader/Excel2007.php
Parsing file:///srv/http/ServiceDesk-FGJE/Classes/PHPExcel/Reader/Excel5/Color.php
Parsing file:///srv/http/ServiceDesk-FGJE/Classes/PHPExcel/Reader/Excel5/Color/BIFF5.php
Parsing file:///srv/http/ServiceDesk-FGJE/Classes/PHPExcel/Reader/Excel5/Color/BuiltIn.php
Parsing file:///srv/http/ServiceDesk-FGJE/Classes/PHPExcel/Reader/Excel5/Color/BIFF8.php
Parsing file:///srv/http/ServiceDesk-FGJE/Classes/PHPExcel/Reader/Excel5/MD5.php
Parsing file:///srv/http/ServiceDesk-FGJE/Classes/PHPExcel/Reader/Excel5/Style/Border.php
Parsing file:///srv/http/ServiceDesk-FGJE/Classes/PHPExcel/Reader/Excel5/Style/FillPattern.php
Parsing file:///srv/http/ServiceDesk-FGJE/Classes/PHPExcel/Reader/Excel5/Escher.php
Parsing file:///srv/http/ServiceDesk-FGJE/Classes/PHPExcel/Reader/Excel5/RC4.php
Parsing file:///srv/http/ServiceDesk-FGJE/Classes/PHPExcel/Reader/Excel5/ErrorCode.php
Parsing file:///srv/http/ServiceDesk-FGJE/Classes/PHPExcel/Reader/Exception.php
Parsing file:///srv/http/ServiceDesk-FGJE/Classes/PHPExcel/Reader/CSV.php
Parsing file:///srv/http/ServiceDesk-FGJE/Classes/PHPExcel/Reader/Excel2003XML.php
Parsing file:///srv/http/ServiceDesk-FGJE/Classes/PHPExcel/Reader/Abstract.php
Parsing file:///srv/http/ServiceDesk-FGJE/Classes/PHPExcel/Reader/SYLK.php
Parsing file:///srv/http/ServiceDesk-FGJE/Classes/PHPExcel/Reader/IReader.php
Parsing file:///srv/http/ServiceDesk-FGJE/Classes/PHPExcel/Reader/Excel5.php
[Info  - 10:55:57 AM] Ignoring file file:///srv/http/ServiceDesk-FGJE/Classes/PHPExcel/Reader/Excel5.php because it exceeds size limit of 150000 bytes (292640)
Parsing file:///srv/http/ServiceDesk-FGJE/Classes/PHPExcel/Reader/DefaultReadFilter.php
Parsing file:///srv/http/ServiceDesk-FGJE/Classes/PHPExcel/Reader/IReadFilter.php
Parsing file:///srv/http/ServiceDesk-FGJE/Classes/PHPExcel/Reader/Excel2007/Chart.php
Parsing file:///srv/http/ServiceDesk-FGJE/Classes/PHPExcel/Reader/Excel2007/Theme.php
Parsing file:///srv/http/ServiceDesk-FGJE/Classes/PHPExcel/Reader/Gnumeric.php
Parsing file:///srv/http/ServiceDesk-FGJE/Classes/PHPExcel/Worksheet.php
Parsing file:///srv/http/ServiceDesk-FGJE/Classes/PHPExcel/Style/Color.php
Parsing file:///srv/http/ServiceDesk-FGJE/Classes/PHPExcel/Style/NumberFormat.php
Parsing file:///srv/http/ServiceDesk-FGJE/Classes/PHPExcel/Style/Fill.php
Parsing file:///srv/http/ServiceDesk-FGJE/Classes/PHPExcel/Style/Conditional.php
Parsing file:///srv/http/ServiceDesk-FGJE/Classes/PHPExcel/Style/Border.php
Parsing file:///srv/http/ServiceDesk-FGJE/Classes/PHPExcel/Style/Supervisor.php
Parsing file:///srv/http/ServiceDesk-FGJE/Classes/PHPExcel/Style/Protection.php
Parsing file:///srv/http/ServiceDesk-FGJE/Classes/PHPExcel/Style/Alignment.php
Parsing file:///srv/http/ServiceDesk-FGJE/Classes/PHPExcel/Style/Borders.php
Parsing file:///srv/http/ServiceDesk-FGJE/Classes/PHPExcel/Style/Font.php
Parsing file:///srv/http/ServiceDesk-FGJE/Classes/PHPExcel/NamedRange.php
Parsing file:///srv/http/ServiceDesk-FGJE/Classes/PHPExcel/Worksheet/ColumnIterator.php
Parsing file:///srv/http/ServiceDesk-FGJE/Classes/PHPExcel/Worksheet/PageMargins.php
Parsing file:///srv/http/ServiceDesk-FGJE/Classes/PHPExcel/Worksheet/SheetView.php
Parsing file:///srv/http/ServiceDesk-FGJE/Classes/PHPExcel/Worksheet/RowDimension.php
Parsing file:///srv/http/ServiceDesk-FGJE/Classes/PHPExcel/Worksheet/ColumnCellIterator.php
Parsing file:///srv/http/ServiceDesk-FGJE/Classes/PHPExcel/Worksheet/AutoFilter/Column/Rule.php
Parsing file:///srv/http/ServiceDesk-FGJE/Classes/PHPExcel/Worksheet/AutoFilter/Column.php
Parsing file:///srv/http/ServiceDesk-FGJE/Classes/PHPExcel/Worksheet/Drawing/Shadow.php
Parsing file:///srv/http/ServiceDesk-FGJE/Classes/PHPExcel/Worksheet/Dimension.php
Parsing file:///srv/http/ServiceDesk-FGJE/Classes/PHPExcel/Worksheet/HeaderFooterDrawing.php
Parsing file:///srv/http/ServiceDesk-FGJE/Classes/PHPExcel/Worksheet/Drawing.php
Parsing file:///srv/http/ServiceDesk-FGJE/Classes/PHPExcel/Worksheet/ColumnDimension.php
Parsing file:///srv/http/ServiceDesk-FGJE/Classes/PHPExcel/Worksheet/MemoryDrawing.php
Parsing file:///srv/http/ServiceDesk-FGJE/Classes/PHPExcel/Worksheet/Protection.php
Parsing file:///srv/http/ServiceDesk-FGJE/Classes/PHPExcel/Worksheet/Row.php
Parsing file:///srv/http/ServiceDesk-FGJE/Classes/PHPExcel/Worksheet/Column.php
Parsing file:///srv/http/ServiceDesk-FGJE/Classes/PHPExcel/Worksheet/RowCellIterator.php
Parsing file:///srv/http/ServiceDesk-FGJE/Classes/PHPExcel/Worksheet/BaseDrawing.php
Parsing file:///srv/http/ServiceDesk-FGJE/Classes/PHPExcel/Worksheet/PageSetup.php
Parsing file:///srv/http/ServiceDesk-FGJE/Classes/PHPExcel/Worksheet/RowIterator.php
Parsing file:///srv/http/ServiceDesk-FGJE/Classes/PHPExcel/Worksheet/AutoFilter.php
Parsing file:///srv/http/ServiceDesk-FGJE/Classes/PHPExcel/Worksheet/CellIterator.php
Parsing file:///srv/http/ServiceDesk-FGJE/Classes/PHPExcel/Worksheet/HeaderFooter.php
Parsing file:///srv/http/ServiceDesk-FGJE/Classes/PHPExcel/Chart/Exception.php
Parsing file:///srv/http/ServiceDesk-FGJE/Classes/PHPExcel/Chart/PlotArea.php
Parsing file:///srv/http/ServiceDesk-FGJE/Classes/PHPExcel/Chart/Title.php
Parsing file:///srv/http/ServiceDesk-FGJE/Classes/PHPExcel/Chart/Axis.php
Parsing file:///srv/http/ServiceDesk-FGJE/Classes/PHPExcel/Chart/DataSeriesValues.php
Parsing file:///srv/http/ServiceDesk-FGJE/Classes/PHPExcel/Chart/Layout.php
Parsing file:///srv/http/ServiceDesk-FGJE/Classes/PHPExcel/Chart/Legend.php
Parsing file:///srv/http/ServiceDesk-FGJE/Classes/PHPExcel/Chart/GridLines.php
Parsing file:///srv/http/ServiceDesk-FGJE/Classes/PHPExcel/Chart/Properties.php
Parsing file:///srv/http/ServiceDesk-FGJE/Classes/PHPExcel/Chart/DataSeries.php
Parsing file:///srv/http/ServiceDesk-FGJE/Classes/PHPExcel/Chart/Renderer/jpgraph.php
Parsing file:///srv/http/ServiceDesk-FGJE/Classes/PHPExcel/IComparable.php
Parsing file:///srv/http/ServiceDesk-FGJE/Classes/PHPExcel/Calculation.php
[Info  - 10:55:58 AM] Ignoring file file:///srv/http/ServiceDesk-FGJE/Classes/PHPExcel/Calculation.php because it exceeds size limit of 150000 bytes (202013)
Parsing file:///srv/http/ServiceDesk-FGJE/Classes/PHPExcel/ReferenceHelper.php
Parsing file:///srv/http/ServiceDesk-FGJE/Classes/PHPExcel/RichText.php
Parsing file:///srv/http/ServiceDesk-FGJE/Classes/PHPExcel/HashTable.php
Parsing file:///srv/http/ServiceDesk-FGJE/Classes/PHPExcel/CachedObjectStorageFactory.php
Parsing file:///srv/http/ServiceDesk-FGJE/Classes/PHPExcel/CalcEngine/CyclicReferenceStack.php
Parsing file:///srv/http/ServiceDesk-FGJE/Classes/PHPExcel/CalcEngine/Logger.php
Parsing file:///srv/http/ServiceDesk-FGJE/Classes/PHPExcel/IOFactory.php
Parsing file:///srv/http/ServiceDesk-FGJE/Classes/PHPExcel/Autoloader.php
Parsing file:///srv/http/ServiceDesk-FGJE/Classes/PHPExcel/Writer/HTML.php
Parsing file:///srv/http/ServiceDesk-FGJE/Classes/PHPExcel/Writer/OpenDocument/Styles.php
Parsing file:///srv/http/ServiceDesk-FGJE/Classes/PHPExcel/Writer/OpenDocument/MetaInf.php
Parsing file:///srv/http/ServiceDesk-FGJE/Classes/PHPExcel/Writer/OpenDocument/Mimetype.php
Parsing file:///srv/http/ServiceDesk-FGJE/Classes/PHPExcel/Writer/OpenDocument/Content.php
Parsing file:///srv/http/ServiceDesk-FGJE/Classes/PHPExcel/Writer/OpenDocument/WriterPart.php
Parsing file:///srv/http/ServiceDesk-FGJE/Classes/PHPExcel/Writer/OpenDocument/Cell/Comment.php
Parsing file:///srv/http/ServiceDesk-FGJE/Classes/PHPExcel/Writer/OpenDocument/Settings.php
Parsing file:///srv/http/ServiceDesk-FGJE/Classes/PHPExcel/Writer/OpenDocument/Meta.php
Parsing file:///srv/http/ServiceDesk-FGJE/Classes/PHPExcel/Writer/OpenDocument/Thumbnails.php
Parsing file:///srv/http/ServiceDesk-FGJE/Classes/PHPExcel/Writer/Excel2007.php
Parsing file:///srv/http/ServiceDesk-FGJE/Classes/PHPExcel/Writer/Excel5/Workbook.php
Parsing file:///srv/http/ServiceDesk-FGJE/Classes/PHPExcel/Writer/Excel5/BIFFwriter.php
Parsing file:///srv/http/ServiceDesk-FGJE/Classes/PHPExcel/Writer/Excel5/Worksheet.php
[Info  - 10:55:59 AM] Ignoring file file:///srv/http/ServiceDesk-FGJE/Classes/PHPExcel/Writer/Excel5/Worksheet.php because it exceeds size limit of 150000 bytes (160405)
Parsing file:///srv/http/ServiceDesk-FGJE/Classes/PHPExcel/Writer/Excel5/Xf.php
Parsing file:///srv/http/ServiceDesk-FGJE/Classes/PHPExcel/Writer/Excel5/Parser.php
Parsing file:///srv/http/ServiceDesk-FGJE/Classes/PHPExcel/Writer/Excel5/Escher.php
Parsing file:///srv/http/ServiceDesk-FGJE/Classes/PHPExcel/Writer/Excel5/Font.php
Parsing file:///srv/http/ServiceDesk-FGJE/Classes/PHPExcel/Writer/OpenDocument.php
Parsing file:///srv/http/ServiceDesk-FGJE/Classes/PHPExcel/Writer/Exception.php
Parsing file:///srv/http/ServiceDesk-FGJE/Classes/PHPExcel/Writer/PDF.php
Parsing file:///srv/http/ServiceDesk-FGJE/Classes/PHPExcel/Writer/IWriter.php
Parsing file:///srv/http/ServiceDesk-FGJE/Classes/PHPExcel/Writer/CSV.php
Parsing file:///srv/http/ServiceDesk-FGJE/Classes/PHPExcel/Writer/Abstract.php
Parsing file:///srv/http/ServiceDesk-FGJE/Classes/PHPExcel/Writer/PDF/tcPDF.php
Parsing file:///srv/http/ServiceDesk-FGJE/Classes/PHPExcel/Writer/PDF/DomPDF.php
Parsing file:///srv/http/ServiceDesk-FGJE/Classes/PHPExcel/Writer/PDF/Core.php
Parsing file:///srv/http/ServiceDesk-FGJE/Classes/PHPExcel/Writer/PDF/mPDF.php
Parsing file:///srv/http/ServiceDesk-FGJE/Classes/PHPExcel/Writer/Excel5.php
Parsing file:///srv/http/ServiceDesk-FGJE/Classes/PHPExcel/Writer/Excel2007/StringTable.php
Parsing file:///srv/http/ServiceDesk-FGJE/Classes/PHPExcel/Writer/Excel2007/Workbook.php
Parsing file:///srv/http/ServiceDesk-FGJE/Classes/PHPExcel/Writer/Excel2007/Chart.php
Parsing file:///srv/http/ServiceDesk-FGJE/Classes/PHPExcel/Writer/Excel2007/ContentTypes.php
Parsing file:///srv/http/ServiceDesk-FGJE/Classes/PHPExcel/Writer/Excel2007/DocProps.php
Parsing file:///srv/http/ServiceDesk-FGJE/Classes/PHPExcel/Writer/Excel2007/Worksheet.php
Parsing file:///srv/http/ServiceDesk-FGJE/Classes/PHPExcel/Writer/Excel2007/RelsRibbon.php
Parsing file:///srv/http/ServiceDesk-FGJE/Classes/PHPExcel/Writer/Excel2007/Drawing.php
Parsing file:///srv/http/ServiceDesk-FGJE/Classes/PHPExcel/Writer/Excel2007/Rels.php
Parsing file:///srv/http/ServiceDesk-FGJE/Classes/PHPExcel/Writer/Excel2007/WriterPart.php
Parsing file:///srv/http/ServiceDesk-FGJE/Classes/PHPExcel/Writer/Excel2007/RelsVBA.php
Parsing file:///srv/http/ServiceDesk-FGJE/Classes/PHPExcel/Writer/Excel2007/Theme.php
Parsing file:///srv/http/ServiceDesk-FGJE/Classes/PHPExcel/Writer/Excel2007/Comments.php
Parsing file:///srv/http/ServiceDesk-FGJE/Classes/PHPExcel/Writer/Excel2007/Style.php
Parsing file:///srv/http/ServiceDesk-FGJE/Classes/PHPExcel/DocumentProperties.php
Parsing file:///srv/http/ServiceDesk-FGJE/Classes/PHPExcel/Cell/DataValidation.php
Parsing file:///srv/http/ServiceDesk-FGJE/Classes/PHPExcel/Cell/Hyperlink.php
Parsing file:///srv/http/ServiceDesk-FGJE/Classes/PHPExcel/Cell/DefaultValueBinder.php
Parsing file:///srv/http/ServiceDesk-FGJE/Classes/PHPExcel/Cell/AdvancedValueBinder.php
Parsing file:///srv/http/ServiceDesk-FGJE/Classes/PHPExcel/Cell/IValueBinder.php
Parsing file:///srv/http/ServiceDesk-FGJE/Classes/PHPExcel/Cell/DataType.php
Parsing file:///srv/http/ServiceDesk-FGJE/Classes/PHPExcel/RichText/ITextElement.php
Parsing file:///srv/http/ServiceDesk-FGJE/Classes/PHPExcel/RichText/TextElement.php
Parsing file:///srv/http/ServiceDesk-FGJE/Classes/PHPExcel/RichText/Run.php
Parsing file:///srv/http/ServiceDesk-FGJE/Classes/PHPExcel/Settings.php
Parsing file:///srv/http/ServiceDesk-FGJE/Classes/PHPExcel/Helper/HTML.php
Parsing file:///srv/http/ServiceDesk-FGJE/Classes/PHPExcel/Calculation/Token/Stack.php
Parsing file:///srv/http/ServiceDesk-FGJE/Classes/PHPExcel/Calculation/FormulaParser.php
Parsing file:///srv/http/ServiceDesk-FGJE/Classes/PHPExcel/Calculation/Exception.php
Parsing file:///srv/http/ServiceDesk-FGJE/Classes/PHPExcel/Calculation/Engineering.php
Parsing file:///srv/http/ServiceDesk-FGJE/Classes/PHPExcel/Calculation/Database.php
Parsing file:///srv/http/ServiceDesk-FGJE/Classes/PHPExcel/Calculation/FormulaToken.php
Parsing file:///srv/http/ServiceDesk-FGJE/Classes/PHPExcel/Calculation/Financial.php
Parsing file:///srv/http/ServiceDesk-FGJE/Classes/PHPExcel/Calculation/Statistical.php
Parsing file:///srv/http/ServiceDesk-FGJE/Classes/PHPExcel/Calculation/LookupRef.php
Parsing file:///srv/http/ServiceDesk-FGJE/Classes/PHPExcel/Calculation/Logical.php
Parsing file:///srv/http/ServiceDesk-FGJE/Classes/PHPExcel/Calculation/MathTrig.php
Parsing file:///srv/http/ServiceDesk-FGJE/Classes/PHPExcel/Calculation/Function.php
Parsing file:///srv/http/ServiceDesk-FGJE/Classes/PHPExcel/Calculation/Functions.php
Parsing file:///srv/http/ServiceDesk-FGJE/Classes/PHPExcel/Calculation/DateTime.php
Parsing file:///srv/http/ServiceDesk-FGJE/Classes/PHPExcel/Calculation/ExceptionHandler.php
Parsing file:///srv/http/ServiceDesk-FGJE/Classes/PHPExcel/Calculation/TextData.php
Parsing file:///srv/http/ServiceDesk-FGJE/Classes/PHPExcel/Style.php
Parsing file:///srv/http/ServiceDesk-FGJE/Classes/PHPExcel/Shared/CodePage.php
Parsing file:///srv/http/ServiceDesk-FGJE/Classes/PHPExcel/Shared/File.php
Parsing file:///srv/http/ServiceDesk-FGJE/Classes/PHPExcel/Shared/OLE/PPS.php
Parsing file:///srv/http/ServiceDesk-FGJE/Classes/PHPExcel/Shared/OLE/PPS/File.php
Parsing file:///srv/http/ServiceDesk-FGJE/Classes/PHPExcel/Shared/OLE/PPS/Root.php
Parsing file:///srv/http/ServiceDesk-FGJE/Classes/PHPExcel/Shared/OLE/ChainedBlockStream.php
Parsing file:///srv/http/ServiceDesk-FGJE/Classes/PHPExcel/Shared/TimeZone.php
Parsing file:///srv/http/ServiceDesk-FGJE/Classes/PHPExcel/Shared/Escher/DgContainer/SpgrContainer/SpContainer.php
Parsing file:///srv/http/ServiceDesk-FGJE/Classes/PHPExcel/Shared/Escher/DgContainer/SpgrContainer.php
Parsing file:///srv/http/ServiceDesk-FGJE/Classes/PHPExcel/Shared/Escher/DggContainer/BstoreContainer/BSE/Blip.php
Parsing file:///srv/http/ServiceDesk-FGJE/Classes/PHPExcel/Shared/Escher/DggContainer/BstoreContainer/BSE.php
Parsing file:///srv/http/ServiceDesk-FGJE/Classes/PHPExcel/Shared/Escher/DggContainer/BstoreContainer.php
Parsing file:///srv/http/ServiceDesk-FGJE/Classes/PHPExcel/Shared/Escher/DggContainer.php
Parsing file:///srv/http/ServiceDesk-FGJE/Classes/PHPExcel/Shared/Escher/DgContainer.php
Parsing file:///srv/http/ServiceDesk-FGJE/Classes/PHPExcel/Shared/trend/linearBestFitClass.php
Parsing file:///srv/http/ServiceDesk-FGJE/Classes/PHPExcel/Shared/trend/exponentialBestFitClass.php
Parsing file:///srv/http/ServiceDesk-FGJE/Classes/PHPExcel/Shared/trend/trendClass.php
Parsing file:///srv/http/ServiceDesk-FGJE/Classes/PHPExcel/Shared/trend/polynomialBestFitClass.php
Parsing file:///srv/http/ServiceDesk-FGJE/Classes/PHPExcel/Shared/trend/bestFitClass.php
Parsing file:///srv/http/ServiceDesk-FGJE/Classes/PHPExcel/Shared/trend/powerBestFitClass.php
Parsing file:///srv/http/ServiceDesk-FGJE/Classes/PHPExcel/Shared/trend/logarithmicBestFitClass.php
Parsing file:///srv/http/ServiceDesk-FGJE/Classes/PHPExcel/Shared/Drawing.php
Parsing file:///srv/http/ServiceDesk-FGJE/Classes/PHPExcel/Shared/PCLZip/pclzip.lib.php
[Info  - 10:56:02 AM] Ignoring file file:///srv/http/ServiceDesk-FGJE/Classes/PHPExcel/Shared/PCLZip/pclzip.lib.php because it exceeds size limit of 150000 bytes (214239)
Parsing file:///srv/http/ServiceDesk-FGJE/Classes/PHPExcel/Shared/Date.php
Parsing file:///srv/http/ServiceDesk-FGJE/Classes/PHPExcel/Shared/OLERead.php
Parsing file:///srv/http/ServiceDesk-FGJE/Classes/PHPExcel/Shared/Excel5.php
Parsing file:///srv/http/ServiceDesk-FGJE/Classes/PHPExcel/Shared/JAMA/LUDecomposition.php
Parsing file:///srv/http/ServiceDesk-FGJE/Classes/PHPExcel/Shared/JAMA/SingularValueDecomposition.php
Parsing file:///srv/http/ServiceDesk-FGJE/Classes/PHPExcel/Shared/JAMA/Matrix.php
Parsing file:///srv/http/ServiceDesk-FGJE/Classes/PHPExcel/Shared/JAMA/EigenvalueDecomposition.php
Parsing file:///srv/http/ServiceDesk-FGJE/Classes/PHPExcel/Shared/JAMA/CholeskyDecomposition.php
Parsing file:///srv/http/ServiceDesk-FGJE/Classes/PHPExcel/Shared/JAMA/QRDecomposition.php
Parsing file:///srv/http/ServiceDesk-FGJE/Classes/PHPExcel/Shared/JAMA/utils/Maths.php
Parsing file:///srv/http/ServiceDesk-FGJE/Classes/PHPExcel/Shared/JAMA/utils/Error.php
Parsing file:///srv/http/ServiceDesk-FGJE/Classes/PHPExcel/Shared/Escher.php
Parsing file:///srv/http/ServiceDesk-FGJE/Classes/PHPExcel/Shared/OLE.php
Parsing file:///srv/http/ServiceDesk-FGJE/Classes/PHPExcel/Shared/ZipStreamWrapper.php
Parsing file:///srv/http/ServiceDesk-FGJE/Classes/PHPExcel/Shared/PasswordHasher.php
Parsing file:///srv/http/ServiceDesk-FGJE/Classes/PHPExcel/Shared/XMLWriter.php
Parsing file:///srv/http/ServiceDesk-FGJE/Classes/PHPExcel/Shared/Font.php
Parsing file:///srv/http/ServiceDesk-FGJE/Classes/PHPExcel/Shared/ZipArchive.php
Parsing file:///srv/http/ServiceDesk-FGJE/Classes/PHPExcel/Shared/String.php
Parsing file:///srv/http/ServiceDesk-FGJE/Classes/PHPExcel/Cell.php
Parsing file:///srv/http/ServiceDesk-FGJE/Classes/PHPExcel.php
Parsing file:///srv/http/ServiceDesk-FGJE/entregarEquipo.php
Parsing file:///srv/http/ServiceDesk-FGJE/recomendarUsuario.php
Parsing file:///srv/http/ServiceDesk-FGJE/updatePassword.php
Parsing file:///srv/http/ServiceDesk-FGJE/excel.php
Parsing file:///srv/http/ServiceDesk-FGJE/finalizarPrestamo.php
Parsing file:///srv/http/ServiceDesk-FGJE/registro.php
Parsing file:///srv/http/ServiceDesk-FGJE/finalizarEquipo.php
Parsing file:///srv/http/ServiceDesk-FGJE/ArchivoExcel.php
Parsing file:///srv/http/ServiceDesk-FGJE/compras.php
Parsing file:///srv/http/ServiceDesk-FGJE/validarPassword.php
Parsing file:///srv/http/ServiceDesk-FGJE/InicioSesion.php
Parsing file:///srv/http/ServiceDesk-FGJE/reportarEquipo.php
Parsing file:///srv/http/ServiceDesk-FGJE/agregarArea.php
Parsing file:///srv/http/ServiceDesk-FGJE/cerrarSesion.php
Parsing file:///srv/http/ServiceDesk-FGJE/finalizarTecnico.php
Parsing file:///srv/http/ServiceDesk-FGJE/actualizarPregunta.php
Parsing file:///srv/http/ServiceDesk-FGJE/consultas.php
Parsing file:///srv/http/ServiceDesk-FGJE/finalizarCompra.php
Parsing file:///srv/http/ServiceDesk-FGJE/Preguntas.php
Parsing file:///srv/http/ServiceDesk-FGJE/modificarAreas.php
Parsing file:///srv/http/ServiceDesk-FGJE/prestamos.php
Parsing file:///srv/http/ServiceDesk-FGJE/fallas.php
Parsing file:///srv/http/ServiceDesk-FGJE/FinalizarRegistroFalla.php
Parsing file:///srv/http/ServiceDesk-FGJE/sesionTecnicos.php
Parsing file:///srv/http/ServiceDesk-FGJE/registroNoFinalizado.php
Parsing file:///srv/http/ServiceDesk-FGJE/VerPreguntas.php
[Info  - 10:56:03 AM] Indexing project for dynamic references
Parsing file:///srv/http/ServiceDesk-FGJE/conexion.php
Parsing file:///srv/http/ServiceDesk-FGJE/cambiarPrivilegios.php
Parsing file:///srv/http/ServiceDesk-FGJE/index.php
Parsing file:///srv/http/ServiceDesk-FGJE/asignarTecnico.php
Parsing file:///srv/http/ServiceDesk-FGJE/divRegistrosAdmin.php
Parsing file:///srv/http/ServiceDesk-FGJE/Classes/PHPExcel/DocumentSecurity.php
Parsing file:///srv/http/ServiceDesk-FGJE/Classes/PHPExcel/Comment.php
Parsing file:///srv/http/ServiceDesk-FGJE/Classes/PHPExcel/Chart.php
Parsing file:///srv/http/ServiceDesk-FGJE/Classes/PHPExcel/Exception.php
Parsing file:///srv/http/ServiceDesk-FGJE/Classes/PHPExcel/WorksheetIterator.php
Parsing file:///srv/http/ServiceDesk-FGJE/Classes/PHPExcel/CachedObjectStorage/MemorySerialized.php
Parsing file:///srv/http/ServiceDesk-FGJE/Classes/PHPExcel/CachedObjectStorage/SQLite3.php
Parsing file:///srv/http/ServiceDesk-FGJE/Classes/PHPExcel/CachedObjectStorage/SQLite.php
Parsing file:///srv/http/ServiceDesk-FGJE/Classes/PHPExcel/CachedObjectStorage/Igbinary.php
Parsing file:///srv/http/ServiceDesk-FGJE/Classes/PHPExcel/CachedObjectStorage/CacheBase.php
Parsing file:///srv/http/ServiceDesk-FGJE/Classes/PHPExcel/CachedObjectStorage/PHPTemp.php
Parsing file:///srv/http/ServiceDesk-FGJE/Classes/PHPExcel/CachedObjectStorage/Wincache.php
Parsing file:///srv/http/ServiceDesk-FGJE/Classes/PHPExcel/CachedObjectStorage/Memcache.php
Parsing file:///srv/http/ServiceDesk-FGJE/Classes/PHPExcel/CachedObjectStorage/DiscISAM.php
Parsing file:///srv/http/ServiceDesk-FGJE/Classes/PHPExcel/CachedObjectStorage/APC.php
Parsing file:///srv/http/ServiceDesk-FGJE/Classes/PHPExcel/CachedObjectStorage/ICache.php
Parsing file:///srv/http/ServiceDesk-FGJE/Classes/PHPExcel/CachedObjectStorage/MemoryGZip.php
Parsing file:///srv/http/ServiceDesk-FGJE/Classes/PHPExcel/CachedObjectStorage/Memory.php
Parsing file:///srv/http/ServiceDesk-FGJE/Classes/PHPExcel/Reader/HTML.php
Parsing file:///srv/http/ServiceDesk-FGJE/Classes/PHPExcel/Reader/OOCalc.php
Parsing file:///srv/http/ServiceDesk-FGJE/Classes/PHPExcel/Reader/Excel2007.php
Parsing file:///srv/http/ServiceDesk-FGJE/Classes/PHPExcel/Reader/Excel5/Color.php
Parsing file:///srv/http/ServiceDesk-FGJE/Classes/PHPExcel/Reader/Excel5/Color/BIFF5.php
Parsing file:///srv/http/ServiceDesk-FGJE/Classes/PHPExcel/Reader/Excel5/Color/BuiltIn.php
Parsing file:///srv/http/ServiceDesk-FGJE/Classes/PHPExcel/Reader/Excel5/Color/BIFF8.php
Parsing file:///srv/http/ServiceDesk-FGJE/Classes/PHPExcel/Reader/Excel5/MD5.php
Parsing file:///srv/http/ServiceDesk-FGJE/Classes/PHPExcel/Reader/Excel5/Style/Border.php
Parsing file:///srv/http/ServiceDesk-FGJE/Classes/PHPExcel/Reader/Excel5/Style/FillPattern.php
Parsing file:///srv/http/ServiceDesk-FGJE/Classes/PHPExcel/Reader/Excel5/Escher.php
Parsing file:///srv/http/ServiceDesk-FGJE/Classes/PHPExcel/Reader/Excel5/RC4.php
Parsing file:///srv/http/ServiceDesk-FGJE/Classes/PHPExcel/Reader/Excel5/ErrorCode.php
Parsing file:///srv/http/ServiceDesk-FGJE/Classes/PHPExcel/Reader/Exception.php
Parsing file:///srv/http/ServiceDesk-FGJE/Classes/PHPExcel/Reader/CSV.php
Parsing file:///srv/http/ServiceDesk-FGJE/Classes/PHPExcel/Reader/Excel2003XML.php
Parsing file:///srv/http/ServiceDesk-FGJE/Classes/PHPExcel/Reader/Abstract.php
Parsing file:///srv/http/ServiceDesk-FGJE/Classes/PHPExcel/Reader/SYLK.php
Parsing file:///srv/http/ServiceDesk-FGJE/Classes/PHPExcel/Reader/IReader.php
Parsing file:///srv/http/ServiceDesk-FGJE/Classes/PHPExcel/Reader/Excel5.php
[Info  - 10:56:05 AM] Ignoring file file:///srv/http/ServiceDesk-FGJE/Classes/PHPExcel/Reader/Excel5.php because it exceeds size limit of 150000 bytes (292640)
Parsing file:///srv/http/ServiceDesk-FGJE/Classes/PHPExcel/Reader/DefaultReadFilter.php
Parsing file:///srv/http/ServiceDesk-FGJE/Classes/PHPExcel/Reader/IReadFilter.php
Parsing file:///srv/http/ServiceDesk-FGJE/Classes/PHPExcel/Reader/Excel2007/Chart.php
Parsing file:///srv/http/ServiceDesk-FGJE/Classes/PHPExcel/Reader/Excel2007/Theme.php
Parsing file:///srv/http/ServiceDesk-FGJE/Classes/PHPExcel/Reader/Gnumeric.php
Parsing file:///srv/http/ServiceDesk-FGJE/Classes/PHPExcel/Worksheet.php
Parsing file:///srv/http/ServiceDesk-FGJE/Classes/PHPExcel/Style/Color.php
Parsing file:///srv/http/ServiceDesk-FGJE/Classes/PHPExcel/Style/NumberFormat.php
Parsing file:///srv/http/ServiceDesk-FGJE/Classes/PHPExcel/Style/Fill.php
Parsing file:///srv/http/ServiceDesk-FGJE/Classes/PHPExcel/Style/Conditional.php
Parsing file:///srv/http/ServiceDesk-FGJE/Classes/PHPExcel/Style/Border.php
Parsing file:///srv/http/ServiceDesk-FGJE/Classes/PHPExcel/Style/Supervisor.php
Parsing file:///srv/http/ServiceDesk-FGJE/Classes/PHPExcel/Style/Protection.php
Parsing file:///srv/http/ServiceDesk-FGJE/Classes/PHPExcel/Style/Alignment.php
Parsing file:///srv/http/ServiceDesk-FGJE/Classes/PHPExcel/Style/Borders.php
Parsing file:///srv/http/ServiceDesk-FGJE/Classes/PHPExcel/Style/Font.php
Parsing file:///srv/http/ServiceDesk-FGJE/Classes/PHPExcel/NamedRange.php
Parsing file:///srv/http/ServiceDesk-FGJE/Classes/PHPExcel/Worksheet/ColumnIterator.php
Parsing file:///srv/http/ServiceDesk-FGJE/Classes/PHPExcel/Worksheet/PageMargins.php
Parsing file:///srv/http/ServiceDesk-FGJE/Classes/PHPExcel/Worksheet/SheetView.php
Parsing file:///srv/http/ServiceDesk-FGJE/Classes/PHPExcel/Worksheet/RowDimension.php
Parsing file:///srv/http/ServiceDesk-FGJE/Classes/PHPExcel/Worksheet/ColumnCellIterator.php
Parsing file:///srv/http/ServiceDesk-FGJE/Classes/PHPExcel/Worksheet/AutoFilter/Column/Rule.php
Parsing file:///srv/http/ServiceDesk-FGJE/Classes/PHPExcel/Worksheet/AutoFilter/Column.php
Parsing file:///srv/http/ServiceDesk-FGJE/Classes/PHPExcel/Worksheet/Drawing/Shadow.php
Parsing file:///srv/http/ServiceDesk-FGJE/Classes/PHPExcel/Worksheet/Dimension.php
Parsing file:///srv/http/ServiceDesk-FGJE/Classes/PHPExcel/Worksheet/HeaderFooterDrawing.php
Parsing file:///srv/http/ServiceDesk-FGJE/Classes/PHPExcel/Worksheet/Drawing.php
Parsing file:///srv/http/ServiceDesk-FGJE/Classes/PHPExcel/Worksheet/ColumnDimension.php
Parsing file:///srv/http/ServiceDesk-FGJE/Classes/PHPExcel/Worksheet/MemoryDrawing.php
Parsing file:///srv/http/ServiceDesk-FGJE/Classes/PHPExcel/Worksheet/Protection.php
Parsing file:///srv/http/ServiceDesk-FGJE/Classes/PHPExcel/Worksheet/Row.php
Parsing file:///srv/http/ServiceDesk-FGJE/Classes/PHPExcel/Worksheet/Column.php
Parsing file:///srv/http/ServiceDesk-FGJE/Classes/PHPExcel/Worksheet/RowCellIterator.php
Parsing file:///srv/http/ServiceDesk-FGJE/Classes/PHPExcel/Worksheet/BaseDrawing.php
Parsing file:///srv/http/ServiceDesk-FGJE/Classes/PHPExcel/Worksheet/PageSetup.php
Parsing file:///srv/http/ServiceDesk-FGJE/Classes/PHPExcel/Worksheet/RowIterator.php
Parsing file:///srv/http/ServiceDesk-FGJE/Classes/PHPExcel/Worksheet/AutoFilter.php
Parsing file:///srv/http/ServiceDesk-FGJE/Classes/PHPExcel/Worksheet/CellIterator.php
Parsing file:///srv/http/ServiceDesk-FGJE/Classes/PHPExcel/Worksheet/HeaderFooter.php
Parsing file:///srv/http/ServiceDesk-FGJE/Classes/PHPExcel/Chart/Exception.php
Parsing file:///srv/http/ServiceDesk-FGJE/Classes/PHPExcel/Chart/PlotArea.php
Parsing file:///srv/http/ServiceDesk-FGJE/Classes/PHPExcel/Chart/Title.php
Parsing file:///srv/http/ServiceDesk-FGJE/Classes/PHPExcel/Chart/Axis.php
Parsing file:///srv/http/ServiceDesk-FGJE/Classes/PHPExcel/Chart/DataSeriesValues.php
Parsing file:///srv/http/ServiceDesk-FGJE/Classes/PHPExcel/Chart/Layout.php
Parsing file:///srv/http/ServiceDesk-FGJE/Classes/PHPExcel/Chart/Legend.php
Parsing file:///srv/http/ServiceDesk-FGJE/Classes/PHPExcel/Chart/GridLines.php
Parsing file:///srv/http/ServiceDesk-FGJE/Classes/PHPExcel/Chart/Properties.php
Parsing file:///srv/http/ServiceDesk-FGJE/Classes/PHPExcel/Chart/DataSeries.php
Parsing file:///srv/http/ServiceDesk-FGJE/Classes/PHPExcel/Chart/Renderer/jpgraph.php
Parsing file:///srv/http/ServiceDesk-FGJE/Classes/PHPExcel/IComparable.php
Parsing file:///srv/http/ServiceDesk-FGJE/Classes/PHPExcel/Calculation.php
[Info  - 10:56:06 AM] Ignoring file file:///srv/http/ServiceDesk-FGJE/Classes/PHPExcel/Calculation.php because it exceeds size limit of 150000 bytes (202013)
Parsing file:///srv/http/ServiceDesk-FGJE/Classes/PHPExcel/ReferenceHelper.php
Parsing file:///srv/http/ServiceDesk-FGJE/Classes/PHPExcel/RichText.php
Parsing file:///srv/http/ServiceDesk-FGJE/Classes/PHPExcel/HashTable.php
Parsing file:///srv/http/ServiceDesk-FGJE/Classes/PHPExcel/CachedObjectStorageFactory.php
Parsing file:///srv/http/ServiceDesk-FGJE/Classes/PHPExcel/CalcEngine/CyclicReferenceStack.php
Parsing file:///srv/http/ServiceDesk-FGJE/Classes/PHPExcel/CalcEngine/Logger.php
Parsing file:///srv/http/ServiceDesk-FGJE/Classes/PHPExcel/IOFactory.php
Parsing file:///srv/http/ServiceDesk-FGJE/Classes/PHPExcel/Autoloader.php
Parsing file:///srv/http/ServiceDesk-FGJE/Classes/PHPExcel/Writer/HTML.php
Parsing file:///srv/http/ServiceDesk-FGJE/Classes/PHPExcel/Writer/OpenDocument/Styles.php
Parsing file:///srv/http/ServiceDesk-FGJE/Classes/PHPExcel/Writer/OpenDocument/MetaInf.php
Parsing file:///srv/http/ServiceDesk-FGJE/Classes/PHPExcel/Writer/OpenDocument/Mimetype.php
Parsing file:///srv/http/ServiceDesk-FGJE/Classes/PHPExcel/Writer/OpenDocument/Content.php
Parsing file:///srv/http/ServiceDesk-FGJE/Classes/PHPExcel/Writer/OpenDocument/WriterPart.php
Parsing file:///srv/http/ServiceDesk-FGJE/Classes/PHPExcel/Writer/OpenDocument/Cell/Comment.php
Parsing file:///srv/http/ServiceDesk-FGJE/Classes/PHPExcel/Writer/OpenDocument/Settings.php
Parsing file:///srv/http/ServiceDesk-FGJE/Classes/PHPExcel/Writer/OpenDocument/Meta.php
Parsing file:///srv/http/ServiceDesk-FGJE/Classes/PHPExcel/Writer/OpenDocument/Thumbnails.php
Parsing file:///srv/http/ServiceDesk-FGJE/Classes/PHPExcel/Writer/Excel2007.php
Parsing file:///srv/http/ServiceDesk-FGJE/Classes/PHPExcel/Writer/Excel5/Workbook.php
Parsing file:///srv/http/ServiceDesk-FGJE/Classes/PHPExcel/Writer/Excel5/BIFFwriter.php
Parsing file:///srv/http/ServiceDesk-FGJE/Classes/PHPExcel/Writer/Excel5/Worksheet.php
[Info  - 10:56:07 AM] Ignoring file file:///srv/http/ServiceDesk-FGJE/Classes/PHPExcel/Writer/Excel5/Worksheet.php because it exceeds size limit of 150000 bytes (160405)
Parsing file:///srv/http/ServiceDesk-FGJE/Classes/PHPExcel/Writer/Excel5/Xf.php
Parsing file:///srv/http/ServiceDesk-FGJE/Classes/PHPExcel/Writer/Excel5/Parser.php
Parsing file:///srv/http/ServiceDesk-FGJE/Classes/PHPExcel/Writer/Excel5/Escher.php
Parsing file:///srv/http/ServiceDesk-FGJE/Classes/PHPExcel/Writer/Excel5/Font.php
Parsing file:///srv/http/ServiceDesk-FGJE/Classes/PHPExcel/Writer/OpenDocument.php
Parsing file:///srv/http/ServiceDesk-FGJE/Classes/PHPExcel/Writer/Exception.php
Parsing file:///srv/http/ServiceDesk-FGJE/Classes/PHPExcel/Writer/PDF.php
Parsing file:///srv/http/ServiceDesk-FGJE/Classes/PHPExcel/Writer/IWriter.php
Parsing file:///srv/http/ServiceDesk-FGJE/Classes/PHPExcel/Writer/CSV.php
Parsing file:///srv/http/ServiceDesk-FGJE/Classes/PHPExcel/Writer/Abstract.php
Parsing file:///srv/http/ServiceDesk-FGJE/Classes/PHPExcel/Writer/PDF/tcPDF.php
Parsing file:///srv/http/ServiceDesk-FGJE/Classes/PHPExcel/Writer/PDF/DomPDF.php
Parsing file:///srv/http/ServiceDesk-FGJE/Classes/PHPExcel/Writer/PDF/Core.php
Parsing file:///srv/http/ServiceDesk-FGJE/Classes/PHPExcel/Writer/PDF/mPDF.php
Parsing file:///srv/http/ServiceDesk-FGJE/Classes/PHPExcel/Writer/Excel5.php
Parsing file:///srv/http/ServiceDesk-FGJE/Classes/PHPExcel/Writer/Excel2007/StringTable.php
Parsing file:///srv/http/ServiceDesk-FGJE/Classes/PHPExcel/Writer/Excel2007/Workbook.php
Parsing file:///srv/http/ServiceDesk-FGJE/Classes/PHPExcel/Writer/Excel2007/Chart.php
Parsing file:///srv/http/ServiceDesk-FGJE/Classes/PHPExcel/Writer/Excel2007/ContentTypes.php
Parsing file:///srv/http/ServiceDesk-FGJE/Classes/PHPExcel/Writer/Excel2007/DocProps.php
Parsing file:///srv/http/ServiceDesk-FGJE/Classes/PHPExcel/Writer/Excel2007/Worksheet.php
Parsing file:///srv/http/ServiceDesk-FGJE/Classes/PHPExcel/Writer/Excel2007/RelsRibbon.php
Parsing file:///srv/http/ServiceDesk-FGJE/Classes/PHPExcel/Writer/Excel2007/Drawing.php
Parsing file:///srv/http/ServiceDesk-FGJE/Classes/PHPExcel/Writer/Excel2007/Rels.php
Parsing file:///srv/http/ServiceDesk-FGJE/Classes/PHPExcel/Writer/Excel2007/WriterPart.php
Parsing file:///srv/http/ServiceDesk-FGJE/Classes/PHPExcel/Writer/Excel2007/RelsVBA.php
Parsing file:///srv/http/ServiceDesk-FGJE/Classes/PHPExcel/Writer/Excel2007/Theme.php
Parsing file:///srv/http/ServiceDesk-FGJE/Classes/PHPExcel/Writer/Excel2007/Comments.php
Parsing file:///srv/http/ServiceDesk-FGJE/Classes/PHPExcel/Writer/Excel2007/Style.php
Parsing file:///srv/http/ServiceDesk-FGJE/Classes/PHPExcel/DocumentProperties.php
Parsing file:///srv/http/ServiceDesk-FGJE/Classes/PHPExcel/Cell/DataValidation.php
Parsing file:///srv/http/ServiceDesk-FGJE/Classes/PHPExcel/Cell/Hyperlink.php
Parsing file:///srv/http/ServiceDesk-FGJE/Classes/PHPExcel/Cell/DefaultValueBinder.php
Parsing file:///srv/http/ServiceDesk-FGJE/Classes/PHPExcel/Cell/AdvancedValueBinder.php
Parsing file:///srv/http/ServiceDesk-FGJE/Classes/PHPExcel/Cell/IValueBinder.php
Parsing file:///srv/http/ServiceDesk-FGJE/Classes/PHPExcel/Cell/DataType.php
Parsing file:///srv/http/ServiceDesk-FGJE/Classes/PHPExcel/RichText/ITextElement.php
Parsing file:///srv/http/ServiceDesk-FGJE/Classes/PHPExcel/RichText/TextElement.php
Parsing file:///srv/http/ServiceDesk-FGJE/Classes/PHPExcel/RichText/Run.php
Parsing file:///srv/http/ServiceDesk-FGJE/Classes/PHPExcel/Settings.php
Parsing file:///srv/http/ServiceDesk-FGJE/Classes/PHPExcel/Helper/HTML.php
Parsing file:///srv/http/ServiceDesk-FGJE/Classes/PHPExcel/Calculation/Token/Stack.php
Parsing file:///srv/http/ServiceDesk-FGJE/Classes/PHPExcel/Calculation/FormulaParser.php
Parsing file:///srv/http/ServiceDesk-FGJE/Classes/PHPExcel/Calculation/Exception.php
Parsing file:///srv/http/ServiceDesk-FGJE/Classes/PHPExcel/Calculation/Engineering.php
Parsing file:///srv/http/ServiceDesk-FGJE/Classes/PHPExcel/Calculation/Database.php
Parsing file:///srv/http/ServiceDesk-FGJE/Classes/PHPExcel/Calculation/FormulaToken.php
Parsing file:///srv/http/ServiceDesk-FGJE/Classes/PHPExcel/Calculation/Financial.php
Parsing file:///srv/http/ServiceDesk-FGJE/Classes/PHPExcel/Calculation/Statistical.php
Parsing file:///srv/http/ServiceDesk-FGJE/Classes/PHPExcel/Calculation/LookupRef.php
Parsing file:///srv/http/ServiceDesk-FGJE/Classes/PHPExcel/Calculation/Logical.php
Parsing file:///srv/http/ServiceDesk-FGJE/Classes/PHPExcel/Calculation/MathTrig.php
Parsing file:///srv/http/ServiceDesk-FGJE/Classes/PHPExcel/Calculation/Function.php
Parsing file:///srv/http/ServiceDesk-FGJE/Classes/PHPExcel/Calculation/Functions.php
Parsing file:///srv/http/ServiceDesk-FGJE/Classes/PHPExcel/Calculation/DateTime.php
Parsing file:///srv/http/ServiceDesk-FGJE/Classes/PHPExcel/Calculation/ExceptionHandler.php
Parsing file:///srv/http/ServiceDesk-FGJE/Classes/PHPExcel/Calculation/TextData.php
Parsing file:///srv/http/ServiceDesk-FGJE/Classes/PHPExcel/Style.php
Parsing file:///srv/http/ServiceDesk-FGJE/Classes/PHPExcel/Shared/CodePage.php
Parsing file:///srv/http/ServiceDesk-FGJE/Classes/PHPExcel/Shared/File.php
Parsing file:///srv/http/ServiceDesk-FGJE/Classes/PHPExcel/Shared/OLE/PPS.php
Parsing file:///srv/http/ServiceDesk-FGJE/Classes/PHPExcel/Shared/OLE/PPS/File.php
Parsing file:///srv/http/ServiceDesk-FGJE/Classes/PHPExcel/Shared/OLE/PPS/Root.php
Parsing file:///srv/http/ServiceDesk-FGJE/Classes/PHPExcel/Shared/OLE/ChainedBlockStream.php
Parsing file:///srv/http/ServiceDesk-FGJE/Classes/PHPExcel/Shared/TimeZone.php
Parsing file:///srv/http/ServiceDesk-FGJE/Classes/PHPExcel/Shared/Escher/DgContainer/SpgrContainer/SpContainer.php
Parsing file:///srv/http/ServiceDesk-FGJE/Classes/PHPExcel/Shared/Escher/DgContainer/SpgrContainer.php
Parsing file:///srv/http/ServiceDesk-FGJE/Classes/PHPExcel/Shared/Escher/DggContainer/BstoreContainer/BSE/Blip.php
Parsing file:///srv/http/ServiceDesk-FGJE/Classes/PHPExcel/Shared/Escher/DggContainer/BstoreContainer/BSE.php
Parsing file:///srv/http/ServiceDesk-FGJE/Classes/PHPExcel/Shared/Escher/DggContainer/BstoreContainer.php
Parsing file:///srv/http/ServiceDesk-FGJE/Classes/PHPExcel/Shared/Escher/DggContainer.php
Parsing file:///srv/http/ServiceDesk-FGJE/Classes/PHPExcel/Shared/Escher/DgContainer.php
Parsing file:///srv/http/ServiceDesk-FGJE/Classes/PHPExcel/Shared/trend/linearBestFitClass.php
Parsing file:///srv/http/ServiceDesk-FGJE/Classes/PHPExcel/Shared/trend/exponentialBestFitClass.php
Parsing file:///srv/http/ServiceDesk-FGJE/Classes/PHPExcel/Shared/trend/trendClass.php
Parsing file:///srv/http/ServiceDesk-FGJE/Classes/PHPExcel/Shared/trend/polynomialBestFitClass.php
Parsing file:///srv/http/ServiceDesk-FGJE/Classes/PHPExcel/Shared/trend/bestFitClass.php
Parsing file:///srv/http/ServiceDesk-FGJE/Classes/PHPExcel/Shared/trend/powerBestFitClass.php
Parsing file:///srv/http/ServiceDesk-FGJE/Classes/PHPExcel/Shared/trend/logarithmicBestFitClass.php
Parsing file:///srv/http/ServiceDesk-FGJE/Classes/PHPExcel/Shared/Drawing.php
Parsing file:///srv/http/ServiceDesk-FGJE/Classes/PHPExcel/Shared/PCLZip/pclzip.lib.php
[Info  - 10:56:10 AM] Ignoring file file:///srv/http/ServiceDesk-FGJE/Classes/PHPExcel/Shared/PCLZip/pclzip.lib.php because it exceeds size limit of 150000 bytes (214239)
Parsing file:///srv/http/ServiceDesk-FGJE/Classes/PHPExcel/Shared/Date.php
Parsing file:///srv/http/ServiceDesk-FGJE/Classes/PHPExcel/Shared/OLERead.php
Parsing file:///srv/http/ServiceDesk-FGJE/Classes/PHPExcel/Shared/Excel5.php
Parsing file:///srv/http/ServiceDesk-FGJE/Classes/PHPExcel/Shared/JAMA/LUDecomposition.php
Parsing file:///srv/http/ServiceDesk-FGJE/Classes/PHPExcel/Shared/JAMA/SingularValueDecomposition.php
Parsing file:///srv/http/ServiceDesk-FGJE/Classes/PHPExcel/Shared/JAMA/Matrix.php
Parsing file:///srv/http/ServiceDesk-FGJE/Classes/PHPExcel/Shared/JAMA/EigenvalueDecomposition.php
Parsing file:///srv/http/ServiceDesk-FGJE/Classes/PHPExcel/Shared/JAMA/CholeskyDecomposition.php
Parsing file:///srv/http/ServiceDesk-FGJE/Classes/PHPExcel/Shared/JAMA/QRDecomposition.php
Parsing file:///srv/http/ServiceDesk-FGJE/Classes/PHPExcel/Shared/JAMA/utils/Maths.php
Parsing file:///srv/http/ServiceDesk-FGJE/Classes/PHPExcel/Shared/JAMA/utils/Error.php
Parsing file:///srv/http/ServiceDesk-FGJE/Classes/PHPExcel/Shared/Escher.php
Parsing file:///srv/http/ServiceDesk-FGJE/Classes/PHPExcel/Shared/OLE.php
Parsing file:///srv/http/ServiceDesk-FGJE/Classes/PHPExcel/Shared/ZipStreamWrapper.php
Parsing file:///srv/http/ServiceDesk-FGJE/Classes/PHPExcel/Shared/PasswordHasher.php
Parsing file:///srv/http/ServiceDesk-FGJE/Classes/PHPExcel/Shared/XMLWriter.php
Parsing file:///srv/http/ServiceDesk-FGJE/Classes/PHPExcel/Shared/Font.php
Parsing file:///srv/http/ServiceDesk-FGJE/Classes/PHPExcel/Shared/ZipArchive.php
Parsing file:///srv/http/ServiceDesk-FGJE/Classes/PHPExcel/Shared/String.php
Parsing file:///srv/http/ServiceDesk-FGJE/Classes/PHPExcel/Cell.php
Parsing file:///srv/http/ServiceDesk-FGJE/Classes/PHPExcel.php
Parsing file:///srv/http/ServiceDesk-FGJE/entregarEquipo.php
Parsing file:///srv/http/ServiceDesk-FGJE/recomendarUsuario.php
Parsing file:///srv/http/ServiceDesk-FGJE/updatePassword.php
Parsing file:///srv/http/ServiceDesk-FGJE/excel.php
Parsing file:///srv/http/ServiceDesk-FGJE/finalizarPrestamo.php
Parsing file:///srv/http/ServiceDesk-FGJE/registro.php
Parsing file:///srv/http/ServiceDesk-FGJE/finalizarEquipo.php
Parsing file:///srv/http/ServiceDesk-FGJE/ArchivoExcel.php
Parsing file:///srv/http/ServiceDesk-FGJE/compras.php
Parsing file:///srv/http/ServiceDesk-FGJE/validarPassword.php
Parsing file:///srv/http/ServiceDesk-FGJE/InicioSesion.php
Parsing file:///srv/http/ServiceDesk-FGJE/reportarEquipo.php
Parsing file:///srv/http/ServiceDesk-FGJE/agregarArea.php
Parsing file:///srv/http/ServiceDesk-FGJE/cerrarSesion.php
Parsing file:///srv/http/ServiceDesk-FGJE/finalizarTecnico.php
Parsing file:///srv/http/ServiceDesk-FGJE/actualizarPregunta.php
Parsing file:///srv/http/ServiceDesk-FGJE/consultas.php
Parsing file:///srv/http/ServiceDesk-FGJE/finalizarCompra.php
Parsing file:///srv/http/ServiceDesk-FGJE/Preguntas.php
Parsing file:///srv/http/ServiceDesk-FGJE/modificarAreas.php
Parsing file:///srv/http/ServiceDesk-FGJE/prestamos.php
Parsing file:///srv/http/ServiceDesk-FGJE/fallas.php
Parsing file:///srv/http/ServiceDesk-FGJE/FinalizarRegistroFalla.php
Parsing file:///srv/http/ServiceDesk-FGJE/sesionTecnicos.php
Parsing file:///srv/http/ServiceDesk-FGJE/registroNoFinalizado.php
Parsing file:///srv/http/ServiceDesk-FGJE/VerPreguntas.php
[Info  - 10:56:12 AM] 0 Packages
[Info  - 10:56:12 AM] All 246 PHP files parsed in 16 seconds. 152 MiB allocated.
